<?xml version="1.0" encoding="UTF-8"?>
<testng-results ignored="0" total="3" passed="3" failed="0" skipped="0">
  <reporter-output>
  </reporter-output>
  <suite started-at="2024-01-27T02:29:38 IST" name="Suite" finished-at="2024-01-27T02:29:48 IST" duration-ms="10090">
    <groups>
    </groups>
    <test started-at="2024-01-27T02:29:38 IST" name="Test1" finished-at="2024-01-27T02:29:45 IST" duration-ms="7539">
      <class name="DockerProject.CrossBrowserTesting.OpenBrowser">
        <test-method signature="BrowserInit(java.lang.String)[pri:0, instance:DockerProject.CrossBrowserTesting.OpenBrowser@a9cd3b1]" started-at="2024-01-27T02:29:38 IST" name="BrowserInit" finished-at="2024-01-27T02:29:45 IST" duration-ms="7471" status="PASS">
          <params>
            <param index="0">
              <value>
                <![CDATA[chrome]]>
              </value>
            </param>
          </params>
          <reporter-output>
          </reporter-output>
        </test-method> <!-- BrowserInit -->
      </class> <!-- DockerProject.CrossBrowserTesting.OpenBrowser -->
    </test> <!-- Test1 -->
    <test started-at="2024-01-27T02:29:38 IST" name="Test3" finished-at="2024-01-27T02:29:46 IST" duration-ms="7931">
      <class name="DockerProject.CrossBrowserTesting.OpenBrowser">
        <test-method signature="BrowserInit(java.lang.String)[pri:0, instance:DockerProject.CrossBrowserTesting.OpenBrowser@333291e3]" started-at="2024-01-27T02:29:38 IST" name="BrowserInit" finished-at="2024-01-27T02:29:46 IST" duration-ms="7870" status="PASS">
          <params>
            <param index="0">
              <value>
                <![CDATA[edge]]>
              </value>
            </param>
          </params>
          <reporter-output>
          </reporter-output>
        </test-method> <!-- BrowserInit -->
      </class> <!-- DockerProject.CrossBrowserTesting.OpenBrowser -->
    </test> <!-- Test3 -->
    <test started-at="2024-01-27T02:29:38 IST" name="Test2" finished-at="2024-01-27T02:29:48 IST" duration-ms="10090">
      <class name="DockerProject.CrossBrowserTesting.OpenBrowser">
        <test-method signature="BrowserInit(java.lang.String)[pri:0, instance:DockerProject.CrossBrowserTesting.OpenBrowser@1ab3a8c8]" started-at="2024-01-27T02:29:38 IST" name="BrowserInit" finished-at="2024-01-27T02:29:48 IST" duration-ms="10028" status="PASS">
          <params>
            <param index="0">
              <value>
                <![CDATA[firefox]]>
              </value>
            </param>
          </params>
          <reporter-output>
          </reporter-output>
        </test-method> <!-- BrowserInit -->
      </class> <!-- DockerProject.CrossBrowserTesting.OpenBrowser -->
    </test> <!-- Test2 -->
  </suite> <!-- Suite -->
</testng-results>
