<?xml version="1.0" encoding="UTF-8"?>
<testsuite xmlns:xsi="http://www.w3.org/2001/XMLSchema-instance" xsi:noNamespaceSchemaLocation="https://maven.apache.org/surefire/maven-surefire-plugin/xsd/surefire-test-report-3.0.xsd" version="3.0" name="TestSuite" time="10.749" tests="3" errors="0" skipped="0" failures="0">
  <properties>
[...]
</properties>
  <testcase name="BrowserInit[chrome](1)" classname="DockerProject.CrossBrowserTesting.OpenBrowser" time="7.471">
    <system-out><![CDATA[Connection established in Chrome browser
Connection established in Edge browser
Connection established in Firefox browser
]]></system-out>
    <system-err><![CDATA[SLF4J: Failed to load class "org.slf4j.impl.StaticLoggerBinder".
SLF4J: Defaulting to no-operation (NOP) logger implementation
SLF4J: See http://www.slf4j.org/codes.html#StaticLoggerBinder for further details.
Jan 27, 2024 2:29:38 AM org.openqa.selenium.remote.tracing.opentelemetry.OpenTelemetryTracer createTracer
INFO: Using OpenTelemetry for tracing
]]></system-err>
  </testcase>
  <testcase name="BrowserInit[edge](1)" classname="DockerProject.CrossBrowserTesting.OpenBrowser" time="7.864"/>
  <testcase name="BrowserInit[firefox](1)" classname="DockerProject.CrossBrowserTesting.OpenBrowser" time="10.024"/>
</testsuite>