<?xml version="1.0" encoding="UTF-8"?>
<testng-results ignored="0" total="3" passed="3" failed="0" skipped="0">
  <reporter-output>
  </reporter-output>
  <suite started-at="2024-01-27T00:45:09 IST" name="Suite" finished-at="2024-01-27T00:45:25 IST" duration-ms="15630">
    <groups>
    </groups>
    <test started-at="2024-01-27T00:45:09 IST" name="Test1" finished-at="2024-01-27T00:45:20 IST" duration-ms="10668">
      <class name="DockerProject.CrossBrowserTesting.OpenBrowser">
        <test-method signature="BrowserInit(java.lang.String)[pri:0, instance:DockerProject.CrossBrowserTesting.OpenBrowser@2a798d51]" started-at="2024-01-27T00:45:09 IST" name="BrowserInit" finished-at="2024-01-27T00:45:20 IST" duration-ms="10560" status="PASS">
          <params>
            <param index="0">
              <value>
                <![CDATA[chrome]]>
              </value>
            </param>
          </params>
          <reporter-output>
          </reporter-output>
        </test-method> <!-- BrowserInit -->
      </class> <!-- DockerProject.CrossBrowserTesting.OpenBrowser -->
    </test> <!-- Test1 -->
    <test started-at="2024-01-27T00:45:09 IST" name="Test3" finished-at="2024-01-27T00:45:20 IST" duration-ms="11134">
      <class name="DockerProject.CrossBrowserTesting.OpenBrowser">
        <test-method signature="BrowserInit(java.lang.String)[pri:0, instance:DockerProject.CrossBrowserTesting.OpenBrowser@7cc0cdad]" started-at="2024-01-27T00:45:09 IST" name="BrowserInit" finished-at="2024-01-27T00:45:20 IST" duration-ms="11034" status="PASS">
          <params>
            <param index="0">
              <value>
                <![CDATA[edge]]>
              </value>
            </param>
          </params>
          <reporter-output>
          </reporter-output>
        </test-method> <!-- BrowserInit -->
      </class> <!-- DockerProject.CrossBrowserTesting.OpenBrowser -->
    </test> <!-- Test3 -->
    <test started-at="2024-01-27T00:45:09 IST" name="Test2" finished-at="2024-01-27T00:45:25 IST" duration-ms="15630">
      <class name="DockerProject.CrossBrowserTesting.OpenBrowser">
        <test-method signature="BrowserInit(java.lang.String)[pri:0, instance:DockerProject.CrossBrowserTesting.OpenBrowser@459e9125]" started-at="2024-01-27T00:45:09 IST" name="BrowserInit" finished-at="2024-01-27T00:45:25 IST" duration-ms="15529" status="PASS">
          <params>
            <param index="0">
              <value>
                <![CDATA[firefox]]>
              </value>
            </param>
          </params>
          <reporter-output>
          </reporter-output>
        </test-method> <!-- BrowserInit -->
      </class> <!-- DockerProject.CrossBrowserTesting.OpenBrowser -->
    </test> <!-- Test2 -->
  </suite> <!-- Suite -->
</testng-results>
